<?xml version="1.0" encoding="UTF-8"?>
<!-- Generated by org.testng.reporters.JUnitXMLReporter -->
<testsuite ignored="0" hostname="DESKTOP-PNFV3FV" failures="1" tests="1" name="Test" time="3.809" errors="0" timestamp="2024-02-27T13:07:40 PKT">
  <testcase classname="PageObjectModel.Main" name="url" time="0.022">
    <failure type="java.lang.NullPointerException" message="Cannot invoke &amp;quot;org.openqa.selenium.WebDriver.navigate()&amp;quot; because &amp;quot;Singleton.SingletonDriver.driver&amp;quot; is null">
      <![CDATA[java.lang.NullPointerException: Cannot invoke "org.openqa.selenium.WebDriver.navigate()" because "Singleton.SingletonDriver.driver" is null
at PageObjectModel.Main.url(Main.java:27)
at java.base/java.util.ArrayList.forEach(ArrayList.java:1511)
... Removed 27 stack frames]]>
    </failure>
  </testcase> <!-- url -->
</testsuite> <!-- Test -->
