<?xml version="1.0" encoding="UTF-8"?>
<!-- Generated by org.testng.reporters.JUnitXMLReporter -->
<testsuite ignored="5" hostname="DESKTOP-PNFV3FV" failures="0" tests="7" name="Test" time="120.136" errors="0" timestamp="2023-07-27T13:38:18 PKT">
  <testcase classname="PageObjectModel.Main" name="url" time="2.544"/>
  <testcase classname="PageObjectModel.LoginPage" name="credentialsLoginPage" time="6.892"/>
  <testcase classname="Sales_Module.DeliveryOrder" name="deliveryOrder_add_page" time="45.828"/>
  <testcase classname="Sales_Module.DeliveryOrder" name="deliveryOrder_view_page" time="1.621"/>
  <testcase classname="Sales_Module.DeliveryOrder" name="after_Add_Do_view" time="3.57"/>
  <testcase classname="Sales_Module.DeliveryOrder" name="deliveryOrder_edit_page" time="26.735"/>
  <testcase classname="Sales_Module.DeliveryOrder" name="do_issued" time="19.634"/>
  <testcase classname="Sales_Module.DeliveryOrder" name="do_return_draft" time="0.0">
    <ignored/>
  </testcase> <!-- do_return_draft -->
  <testcase classname="Sales_Module.DeliveryOrder" name="Do_Add_hideshow" time="0.0">
    <ignored/>
  </testcase> <!-- Do_Add_hideshow -->
  <testcase classname="Sales_Module.DeliveryOrder" name="do_Add_Varify_WebElement" time="0.0">
    <ignored/>
  </testcase> <!-- do_Add_Varify_WebElement -->
  <testcase classname="Sales_Module.DeliveryOrder" name="do_view_hideshow" time="0.0">
    <ignored/>
  </testcase> <!-- do_view_hideshow -->
  <testcase classname="Sales_Module.DeliveryOrder" name="do_return_finalize" time="0.0">
    <ignored/>
  </testcase> <!-- do_return_finalize -->
</testsuite> <!-- Test -->
